
Sun, 20 Nov 2022 03:15:41 +0100 : NO senderId 

Sun, 20 Nov 2022 03:15:41 +0100 : NO concat 

Sun, 20 Nov 2022 03:15:41 +0100 : NO encoding

Sun, 20 Nov 2022 03:15:42 +0100 : Server Altiria response: OK dest:573023635306


Sun, 20 Nov 2022 03:16:57 +0100 : NO senderId 

Sun, 20 Nov 2022 03:16:57 +0100 : NO concat 

Sun, 20 Nov 2022 03:16:57 +0100 : NO encoding

Sun, 20 Nov 2022 03:16:58 +0100 : Server Altiria response: OK dest:573023635306


Sun, 20 Nov 2022 03:23:01 +0100 : NO senderId 

Sun, 20 Nov 2022 03:23:01 +0100 : NO concat 

Sun, 20 Nov 2022 03:23:01 +0100 : NO encoding

Sun, 20 Nov 2022 03:23:02 +0100 : Server Altiria response: OK dest:573023635306


Sun, 20 Nov 2022 03:35:34 +0100 : NO senderId 

Sun, 20 Nov 2022 03:35:34 +0100 : NO concat 

Sun, 20 Nov 2022 03:35:34 +0100 : NO encoding

Sun, 20 Nov 2022 03:35:35 +0100 : Server Altiria response: OK dest:573023635306


Sun, 20 Nov 2022 03:37:40 +0100 : NO senderId 

Sun, 20 Nov 2022 03:37:40 +0100 : NO concat 

Sun, 20 Nov 2022 03:37:40 +0100 : NO encoding

Sun, 20 Nov 2022 03:37:41 +0100 : Server Altiria response: OK dest:573023635306


Sun, 20 Nov 2022 03:55:57 +0100 : NO senderId 

Sun, 20 Nov 2022 03:55:57 +0100 : NO concat 

Sun, 20 Nov 2022 03:55:57 +0100 : NO encoding

Sun, 20 Nov 2022 03:55:58 +0100 : Server Altiria response: OK dest:573023635306


Sun, 20 Nov 2022 04:02:28 +0100 : NO senderId 

Sun, 20 Nov 2022 04:02:28 +0100 : NO concat 

Sun, 20 Nov 2022 04:02:28 +0100 : NO encoding

Sun, 20 Nov 2022 04:02:29 +0100 : Server Altiria response: OK dest:573023635306


Sun, 20 Nov 2022 04:03:59 +0100 : NO senderId 

Sun, 20 Nov 2022 04:03:59 +0100 : NO concat 

Sun, 20 Nov 2022 04:03:59 +0100 : NO encoding

Sun, 20 Nov 2022 04:04:00 +0100 : Server Altiria response: OK dest:573023635306


Sun, 20 Nov 2022 04:05:00 +0100 : NO senderId 

Sun, 20 Nov 2022 04:05:00 +0100 : NO concat 

Sun, 20 Nov 2022 04:05:00 +0100 : NO encoding

Sun, 20 Nov 2022 04:05:01 +0100 : Server Altiria response: OK dest:573023635306


Sun, 20 Nov 2022 04:06:19 +0100 : NO senderId 

Sun, 20 Nov 2022 04:06:19 +0100 : NO concat 

Sun, 20 Nov 2022 04:06:19 +0100 : NO encoding

Sun, 20 Nov 2022 04:06:20 +0100 : Server Altiria response: OK dest:573023635306


Sun, 20 Nov 2022 04:15:35 +0100 : NO senderId 

Sun, 20 Nov 2022 04:15:35 +0100 : NO concat 

Sun, 20 Nov 2022 04:15:35 +0100 : NO encoding

Sun, 20 Nov 2022 04:15:36 +0100 : Server Altiria response: OK dest:573023635306


Sun, 20 Nov 2022 05:36:34 +0100 : NO senderId 

Sun, 20 Nov 2022 05:36:34 +0100 : NO concat 

Sun, 20 Nov 2022 05:36:34 +0100 : NO encoding

Sun, 20 Nov 2022 05:36:35 +0100 : Server Altiria response: OK dest:573023635306


<<<<<<< HEAD
Fri, 25 Nov 2022 21:11:42 +0100 : NO senderId 

Fri, 25 Nov 2022 21:11:42 +0100 : NO concat 

Fri, 25 Nov 2022 21:11:42 +0100 : NO encoding

Fri, 25 Nov 2022 21:11:44 +0100 : Server Altiria response: OK dest:573023635306


Fri, 25 Nov 2022 21:15:53 +0100 : NO senderId 

Fri, 25 Nov 2022 21:15:53 +0100 : NO concat 

Fri, 25 Nov 2022 21:15:53 +0100 : NO encoding

Fri, 25 Nov 2022 21:15:54 +0100 : Server Altiria response: OK dest:573023635306


Fri, 25 Nov 2022 21:17:22 +0100 : NO senderId 

Fri, 25 Nov 2022 21:17:22 +0100 : NO concat 

Fri, 25 Nov 2022 21:17:22 +0100 : NO encoding

Fri, 25 Nov 2022 21:17:23 +0100 : Server Altiria response: OK dest:573023635306
=======
Fri, 25 Nov 2022 04:17:17 +0100 : NO senderId 

Fri, 25 Nov 2022 04:17:17 +0100 : NO concat 

Fri, 25 Nov 2022 04:17:17 +0100 : NO encoding

Fri, 25 Nov 2022 04:17:19 +0100 : Server Altiria response: OK dest:573025800654


Fri, 25 Nov 2022 04:19:06 +0100 : NO senderId 

Fri, 25 Nov 2022 04:19:06 +0100 : NO concat 

Fri, 25 Nov 2022 04:19:06 +0100 : NO encoding

Fri, 25 Nov 2022 04:19:07 +0100 : Server Altiria response: OK dest:573005719154


Fri, 25 Nov 2022 05:14:13 +0100 : NO senderId 

Fri, 25 Nov 2022 05:14:13 +0100 : NO concat 

Fri, 25 Nov 2022 05:14:13 +0100 : NO encoding

Fri, 25 Nov 2022 05:14:13 +0100 : Server Altiria response: OK dest:573005719154
>>>>>>> 6a467005aaa743a32ec8368a092d92e8f1511e0a

